Using pre-set license
Built from '2020.3/staging' branch; Version is '2020.3.10f1 (297d780c91bc) revision 2719096'; Using compiler version '192528614'; Build Type 'Release'
OS: 'Windows 10 Pro; OS build 19043.1052; Version 2009; 64bit' Language: 'en' Physical Memory: 16201 MB
BatchMode: 1, IsHumanControllingUs: 0, StartBugReporterOnCrash: 0, Is64bit: 1, IsPro: 0

 COMMAND LINE ARGUMENTS:
C:\Program Files\Unity\Hub\Editor\2020.3.10f1\Editor\Unity.exe
-adb2
-batchMode
-noUpm
-name
AssetImportWorker0
-projectPath
C:/Dev/Curso Unity/Call-of-Derpness
-logFile
Logs/AssetImportWorker0.log
-srvPort
64854
Successfully changed project path to: C:/Dev/Curso Unity/Call-of-Derpness
C:/Dev/Curso Unity/Call-of-Derpness
Using Asset Import Pipeline V2.
Refreshing native plugins compatible for Editor in 87.42 ms, found 2 plugins.
Preloading 0 native plugins for Editor in 0.00 ms.
Initialize engine version: 2020.3.10f1 (297d780c91bc)
[Subsystems] Discovering subsystems at path C:/Program Files/Unity/Hub/Editor/2020.3.10f1/Editor/Data/Resources/UnitySubsystems
[Subsystems] Discovering subsystems at path C:/Dev/Curso Unity/Call-of-Derpness/Assets
GfxDevice: creating device client; threaded=0
Direct3D:
    Version:  Direct3D 11.0 [level 11.1]
    Renderer: NVIDIA GeForce GTX 1650 with Max-Q Design (ID=0x1f99)
    Vendor:   
    VRAM:     3962 MB
    Driver:   27.21.14.6663
Initialize mono
Mono path[0] = 'C:/Program Files/Unity/Hub/Editor/2020.3.10f1/Editor/Data/Managed'
Mono path[1] = 'C:/Program Files/Unity/Hub/Editor/2020.3.10f1/Editor/Data/MonoBleedingEdge/lib/mono/unityjit'
Mono config path = 'C:/Program Files/Unity/Hub/Editor/2020.3.10f1/Editor/Data/MonoBleedingEdge/etc'
Using monoOptions --debugger-agent=transport=dt_socket,embedding=1,server=y,suspend=n,address=127.0.0.1:56604
Begin MonoManager ReloadAssembly
Registering precompiled unity dll's ...
Register platform support module: C:/Program Files/Unity/Hub/Editor/2020.3.10f1/Editor/Data/PlaybackEngines/WebGLSupport/UnityEditor.WebGL.Extensions.dll
Register platform support module: C:/Program Files/Unity/Hub/Editor/2020.3.10f1/Editor/Data/PlaybackEngines/MacStandaloneSupport/UnityEditor.OSXStandalone.Extensions.dll
Register platform support module: C:/Program Files/Unity/Hub/Editor/2020.3.10f1/Editor/Data/PlaybackEngines/WindowsStandaloneSupport/UnityEditor.WindowsStandalone.Extensions.dll
Registered in 0.002455 seconds.
Native extension for WindowsStandalone target not found
Native extension for OSXStandalone target not found
Native extension for WebGL target not found
Refreshing native plugins compatible for Editor in 68.22 ms, found 2 plugins.
Preloading 0 native plugins for Editor in 0.00 ms.
Mono: successfully reloaded assembly
- Completed reload, in  1.109 seconds
Platform modules already initialized, skipping
Registering precompiled user dll's ...
Registered in 0.004067 seconds.
Begin MonoManager ReloadAssembly
Native extension for WindowsStandalone target not found
Native extension for OSXStandalone target not found
Native extension for WebGL target not found
Refreshing native plugins compatible for Editor in 1.59 ms, found 2 plugins.
Preloading 0 native plugins for Editor in 0.00 ms.
Mono: successfully reloaded assembly
- Completed reload, in  1.124 seconds
Platform modules already initialized, skipping
========================================================================
Worker process is ready to serve import requests
Launched and connected shader compiler UnityShaderCompiler.exe after 0.03 seconds
Refreshing native plugins compatible for Editor in 0.75 ms, found 2 plugins.
Preloading 0 native plugins for Editor in 0.00 ms.
Unloading 2077 Unused Serialized files (Serialized files now loaded: 0)
System memory in use before: 209.7 MB.
System memory in use after: 209.4 MB.

Unloading 89 unused Assets to reduce memory usage. Loaded Objects now: 2569.
Total: 3.952100 ms (FindLiveObjects: 0.272100 ms CreateObjectMapping: 0.138200 ms MarkObjects: 2.600500 ms  DeleteObjects: 0.939900 ms)

========================================================================
Received Import Request.
  path: Assets/Asset Store Downloads/Standard Assets/ParticleSystems/Textures/ParticleCloudWhite.png
  artifactKey: Guid(5b303ff28ad9368468a2edd759cf458d) Importer(815301076,1909f56bfc062723c751e8b465ee728b)
Start importing Assets/Asset Store Downloads/Standard Assets/ParticleSystems/Textures/ParticleCloudWhite.png using Guid(5b303ff28ad9368468a2edd759cf458d) Importer(815301076,1909f56bfc062723c751e8b465ee728b)  -> (artifact id: '4e1abe55b25cf046ec1f2a649902e449') in 0.074454 seconds
  Import took 0.078372 seconds .

========================================================================
Received Import Request.
  Time since last request: 62.930550 seconds.
  path: Assets/_GameAssets/Prefabs/Enemies/Dragon Listo.prefab
  artifactKey: Guid(3dd451af63fe29147ab76ab20cc650c5) Importer(815301076,1909f56bfc062723c751e8b465ee728b)
Start importing Assets/_GameAssets/Prefabs/Enemies/Dragon Listo.prefab using Guid(3dd451af63fe29147ab76ab20cc650c5) Importer(815301076,1909f56bfc062723c751e8b465ee728b)  -> (artifact id: '9992a1649fb9fc9227665a17f0b8f464') in 0.171747 seconds
  Import took 0.180008 seconds .

========================================================================
Received Import Request.
  Time since last request: 3204.299566 seconds.
  path: Assets/_GameAssets/Script/Weapons/Weapon.cs
  artifactKey: Guid(51fce786d1f36d323860c43de5b3b935) Importer(815301076,1909f56bfc062723c751e8b465ee728b)
Start importing Assets/_GameAssets/Script/Weapons/Weapon.cs using Guid(51fce786d1f36d323860c43de5b3b935) Importer(815301076,1909f56bfc062723c751e8b465ee728b)  -> (artifact id: '1b87c38b8dc157e02966002923c86e6d') in 0.017529 seconds
  Import took 0.021757 seconds .

========================================================================
Received Import Request.
  Time since last request: 0.763367 seconds.
  path: Assets/_GameAssets/Script/Weapons/WeaponController.cs
  artifactKey: Guid(e01197bc1076a804690670a2218e8137) Importer(815301076,1909f56bfc062723c751e8b465ee728b)
Start importing Assets/_GameAssets/Script/Weapons/WeaponController.cs using Guid(e01197bc1076a804690670a2218e8137) Importer(815301076,1909f56bfc062723c751e8b465ee728b)  -> (artifact id: 'da2a1a388f26a65dbde848f7d2d4c661') in 0.006305 seconds
  Import took 0.010266 seconds .

========================================================================
Received Import Request.
  Time since last request: 0.014308 seconds.
  path: Assets/_GameAssets/Script/Weapons/WeaponController.cs
  artifactKey: Guid(e01197bc1076a804690670a2218e8137) Importer(815301076,1909f56bfc062723c751e8b465ee728b)
Start importing Assets/_GameAssets/Script/Weapons/WeaponController.cs using Guid(e01197bc1076a804690670a2218e8137) Importer(815301076,1909f56bfc062723c751e8b465ee728b)  -> (artifact id: 'da2a1a388f26a65dbde848f7d2d4c661') in 0.002311 seconds
  Import took 0.006518 seconds .

========================================================================
Received Prepare
Registering precompiled user dll's ...
Registered in 0.002857 seconds.
Begin MonoManager ReloadAssembly
Native extension for WindowsStandalone target not found
Native extension for OSXStandalone target not found
Native extension for WebGL target not found
Refreshing native plugins compatible for Editor in 0.72 ms, found 2 plugins.
Preloading 0 native plugins for Editor in 0.00 ms.
Warning: Annotation not found!
UnityEngine.StackTraceUtility:ExtractStackTrace ()
UnityEditor.ProBuilder.EditorUtility:SetGizmoIconEnabled (System.Type,bool) (at Library/PackageCache/com.unity.probuilder@4.5.0/Editor/EditorCore/EditorUtility.cs:593)
UnityEditor.ProBuilder.HierarchyListener:.cctor () (at Library/PackageCache/com.unity.probuilder@4.5.0/Editor/EditorCore/HierarchyListener.cs:21)
System.Runtime.CompilerServices.RuntimeHelpers:RunClassConstructor (System.RuntimeTypeHandle)
UnityEditor.EditorAssemblies:ProcessInitializeOnLoadAttributes (System.Type[])

[Library/PackageCache/com.unity.probuilder@4.5.0/Editor/EditorCore/EditorUtility.cs line 593]

Mono: successfully reloaded assembly
- Completed reload, in  0.899 seconds
Platform modules already initialized, skipping
Refreshing native plugins compatible for Editor in 0.68 ms, found 2 plugins.
Preloading 0 native plugins for Editor in 0.00 ms.
Unloading 1992 Unused Serialized files (Serialized files now loaded: 0)
System memory in use before: 218.9 MB.
System memory in use after: 218.6 MB.

Unloading 19 unused Assets to reduce memory usage. Loaded Objects now: 2583.
Total: 2.546900 ms (FindLiveObjects: 0.244200 ms CreateObjectMapping: 0.081900 ms MarkObjects: 1.759300 ms  DeleteObjects: 0.460400 ms)

========================================================================
Received Import Request.
  Time since last request: 209.510031 seconds.
  path: Assets/_GameAssets/Script/Weapons/WeaponController.cs
  artifactKey: Guid(e01197bc1076a804690670a2218e8137) Importer(815301076,1909f56bfc062723c751e8b465ee728b)
Start importing Assets/_GameAssets/Script/Weapons/WeaponController.cs using Guid(e01197bc1076a804690670a2218e8137) Importer(815301076,1909f56bfc062723c751e8b465ee728b)  -> (artifact id: '319eaec1705426abde7f901ca25b7e8b') in 0.003742 seconds
  Import took 0.006884 seconds .

========================================================================
Received Prepare
Registering precompiled user dll's ...
Registered in 0.003809 seconds.
Begin MonoManager ReloadAssembly
Native extension for WindowsStandalone target not found
Native extension for OSXStandalone target not found
Native extension for WebGL target not found
Refreshing native plugins compatible for Editor in 0.88 ms, found 2 plugins.
Preloading 0 native plugins for Editor in 0.00 ms.
Warning: Annotation not found!
UnityEngine.StackTraceUtility:ExtractStackTrace ()
UnityEditor.ProBuilder.EditorUtility:SetGizmoIconEnabled (System.Type,bool) (at Library/PackageCache/com.unity.probuilder@4.5.0/Editor/EditorCore/EditorUtility.cs:593)
UnityEditor.ProBuilder.HierarchyListener:.cctor () (at Library/PackageCache/com.unity.probuilder@4.5.0/Editor/EditorCore/HierarchyListener.cs:21)
System.Runtime.CompilerServices.RuntimeHelpers:RunClassConstructor (System.RuntimeTypeHandle)
UnityEditor.EditorAssemblies:ProcessInitializeOnLoadAttributes (System.Type[])

[Library/PackageCache/com.unity.probuilder@4.5.0/Editor/EditorCore/EditorUtility.cs line 593]

Mono: successfully reloaded assembly
- Completed reload, in  0.895 seconds
Platform modules already initialized, skipping
Refreshing native plugins compatible for Editor in 0.85 ms, found 2 plugins.
Preloading 0 native plugins for Editor in 0.00 ms.
Unloading 1992 Unused Serialized files (Serialized files now loaded: 0)
System memory in use before: 219.0 MB.
System memory in use after: 218.7 MB.

Unloading 16 unused Assets to reduce memory usage. Loaded Objects now: 2586.
Total: 2.480900 ms (FindLiveObjects: 0.201900 ms CreateObjectMapping: 0.071700 ms MarkObjects: 1.736500 ms  DeleteObjects: 0.469900 ms)

AssetImportWorkerClient::OnTransportError - code=2 error=End of file
